build/app/intermediates/manifest_merge_blame_file/debug/manifest-merger-blame-debug-report.txt
1<?xml version="1.0" encoding="utf-8"?>
2<manifest xmlns:android="http://schemas.android.com/apk/res/android"
3    package="com.example.inapppurchase"
4    android:versionCode="1"
5    android:versionName="1.0.0" >
6
7    <uses-sdk
8        android:minSdkVersion="21"
9        android:targetSdkVersion="34" />
10    <!--
11         The INTERNET permission is required for development. Specifically,
12         the Flutter tool needs it to communicate with the running application
13         to allow setting breakpoints, to provide hot reload, etc.
14    -->
15    <uses-permission android:name="android.permission.INTERNET" />
15-->src\main\AndroidManifest.xml:3:9-71
15-->src\main\AndroidManifest.xml:3:26-68
16    <uses-permission android:name="com.android.vending.BILLING" />
16-->src\main\AndroidManifest.xml:2:1-63
16-->src\main\AndroidManifest.xml:2:18-60
17    <!--
18 Required to query activities that can process text, see:
19         https://developer.android.com/training/package-visibility and
20         https://developer.android.com/reference/android/content/Intent#ACTION_PROCESS_TEXT.
21
22         In particular, this is used by the Flutter engine in io.flutter.plugin.text.ProcessTextPlugin.
23    -->
24    <queries>
24-->src\main\AndroidManifest.xml:43:5-48:15
25        <intent>
25-->src\main\AndroidManifest.xml:44:9-47:18
26            <action android:name="android.intent.action.PROCESS_TEXT" />
26-->src\main\AndroidManifest.xml:45:13-72
26-->src\main\AndroidManifest.xml:45:21-70
27
28            <data android:mimeType="text/plain" />
28-->src\main\AndroidManifest.xml:46:13-50
28-->src\main\AndroidManifest.xml:46:19-48
29        </intent>
30        <intent>
30-->[com.android.billingclient:billing:6.2.0] AndroidManifest.xml:13:9-15:18
31            <action android:name="com.android.vending.billing.InAppBillingService.BIND" />
31-->[com.android.billingclient:billing:6.2.0] AndroidManifest.xml:14:13-91
31-->[com.android.billingclient:billing:6.2.0] AndroidManifest.xml:14:21-88
32        </intent>
33    </queries>
34
35    <permission
35-->[androidx.core:core:1.13.1] AndroidManifest.xml:22:5-24:47
36        android:name="com.example.inapppurchase.DYNAMIC_RECEIVER_NOT_EXPORTED_PERMISSION"
36-->[androidx.core:core:1.13.1] AndroidManifest.xml:23:9-81
37        android:protectionLevel="signature" />
37-->[androidx.core:core:1.13.1] AndroidManifest.xml:24:9-44
38
39    <uses-permission android:name="com.example.inapppurchase.DYNAMIC_RECEIVER_NOT_EXPORTED_PERMISSION" /> <!-- Although the *SdkVersion is captured in gradle build files, this is required for non gradle builds -->
39-->[androidx.core:core:1.13.1] AndroidManifest.xml:26:5-97
39-->[androidx.core:core:1.13.1] AndroidManifest.xml:26:22-94
40    <!-- <uses-sdk android:minSdkVersion="14"/> -->
41    <uses-permission android:name="android.permission.ACCESS_NETWORK_STATE" />
41-->[com.google.android.datatransport:transport-backend-cct:3.1.8] AndroidManifest.xml:24:5-79
41-->[com.google.android.datatransport:transport-backend-cct:3.1.8] AndroidManifest.xml:24:22-76
42
43    <application
44        android:name="android.app.Application"
45        android:appComponentFactory="androidx.core.app.CoreComponentFactory"
45-->[androidx.core:core:1.13.1] AndroidManifest.xml:28:18-86
46        android:debuggable="true"
47        android:icon="@mipmap/ic_launcher"
48        android:label="inapppurchase" >
49        <activity
50            android:name="com.example.inapppurchase.MainActivity"
51            android:configChanges="orientation|keyboardHidden|keyboard|screenSize|smallestScreenSize|locale|layoutDirection|fontScale|screenLayout|density|uiMode"
52            android:exported="true"
53            android:hardwareAccelerated="true"
54            android:launchMode="singleTop"
55            android:taskAffinity=""
56            android:theme="@style/LaunchTheme"
57            android:windowSoftInputMode="adjustResize" >
58
59            <!--
60                 Specifies an Android theme to apply to this Activity as soon as
61                 the Android process has started. This theme is visible to the user
62                 while the Flutter UI initializes. After that, this theme continues
63                 to determine the Window background behind the Flutter UI.
64            -->
65            <meta-data
66                android:name="io.flutter.embedding.android.NormalTheme"
67                android:resource="@style/NormalTheme" />
68
69            <intent-filter>
70                <action android:name="android.intent.action.MAIN" />
71
72                <category android:name="android.intent.category.LAUNCHER" />
73            </intent-filter>
74        </activity>
75        <!--
76             Don't delete the meta-data below.
77             This is used by the Flutter tool to generate GeneratedPluginRegistrant.java
78        -->
79        <meta-data
80            android:name="flutterEmbedding"
81            android:value="2" />
82        <meta-data
82-->[com.android.billingclient:billing:6.2.0] AndroidManifest.xml:19:9-21:37
83            android:name="com.google.android.play.billingclient.version"
83-->[com.android.billingclient:billing:6.2.0] AndroidManifest.xml:20:13-73
84            android:value="6.2.0" />
84-->[com.android.billingclient:billing:6.2.0] AndroidManifest.xml:21:13-34
85
86        <activity
86-->[com.android.billingclient:billing:6.2.0] AndroidManifest.xml:23:9-27:75
87            android:name="com.android.billingclient.api.ProxyBillingActivity"
87-->[com.android.billingclient:billing:6.2.0] AndroidManifest.xml:24:13-78
88            android:configChanges="keyboard|keyboardHidden|screenLayout|screenSize|orientation"
88-->[com.android.billingclient:billing:6.2.0] AndroidManifest.xml:25:13-96
89            android:exported="false"
89-->[com.android.billingclient:billing:6.2.0] AndroidManifest.xml:26:13-37
90            android:theme="@android:style/Theme.Translucent.NoTitleBar" />
90-->[com.android.billingclient:billing:6.2.0] AndroidManifest.xml:27:13-72
91        <activity
91-->[com.google.android.gms:play-services-base:18.3.0] AndroidManifest.xml:20:9-22:45
92            android:name="com.google.android.gms.common.api.GoogleApiActivity"
92-->[com.google.android.gms:play-services-base:18.3.0] AndroidManifest.xml:20:19-85
93            android:exported="false"
93-->[com.google.android.gms:play-services-base:18.3.0] AndroidManifest.xml:22:19-43
94            android:theme="@android:style/Theme.Translucent.NoTitleBar" />
94-->[com.google.android.gms:play-services-base:18.3.0] AndroidManifest.xml:21:19-78
95
96        <meta-data
96-->[com.google.android.gms:play-services-basement:18.3.0] AndroidManifest.xml:21:9-23:69
97            android:name="com.google.android.gms.version"
97-->[com.google.android.gms:play-services-basement:18.3.0] AndroidManifest.xml:22:13-58
98            android:value="@integer/google_play_services_version" />
98-->[com.google.android.gms:play-services-basement:18.3.0] AndroidManifest.xml:23:13-66
99
100        <uses-library
100-->[androidx.window:window:1.2.0] AndroidManifest.xml:23:9-25:40
101            android:name="androidx.window.extensions"
101-->[androidx.window:window:1.2.0] AndroidManifest.xml:24:13-54
102            android:required="false" />
102-->[androidx.window:window:1.2.0] AndroidManifest.xml:25:13-37
103        <uses-library
103-->[androidx.window:window:1.2.0] AndroidManifest.xml:26:9-28:40
104            android:name="androidx.window.sidecar"
104-->[androidx.window:window:1.2.0] AndroidManifest.xml:27:13-51
105            android:required="false" />
105-->[androidx.window:window:1.2.0] AndroidManifest.xml:28:13-37
106
107        <provider
107-->[androidx.lifecycle:lifecycle-process:2.7.0] AndroidManifest.xml:24:9-32:20
108            android:name="androidx.startup.InitializationProvider"
108-->[androidx.lifecycle:lifecycle-process:2.7.0] AndroidManifest.xml:25:13-67
109            android:authorities="com.example.inapppurchase.androidx-startup"
109-->[androidx.lifecycle:lifecycle-process:2.7.0] AndroidManifest.xml:26:13-68
110            android:exported="false" >
110-->[androidx.lifecycle:lifecycle-process:2.7.0] AndroidManifest.xml:27:13-37
111            <meta-data
111-->[androidx.lifecycle:lifecycle-process:2.7.0] AndroidManifest.xml:29:13-31:52
112                android:name="androidx.lifecycle.ProcessLifecycleInitializer"
112-->[androidx.lifecycle:lifecycle-process:2.7.0] AndroidManifest.xml:30:17-78
113                android:value="androidx.startup" />
113-->[androidx.lifecycle:lifecycle-process:2.7.0] AndroidManifest.xml:31:17-49
114            <meta-data
114-->[androidx.profileinstaller:profileinstaller:1.3.1] AndroidManifest.xml:29:13-31:52
115                android:name="androidx.profileinstaller.ProfileInstallerInitializer"
115-->[androidx.profileinstaller:profileinstaller:1.3.1] AndroidManifest.xml:30:17-85
116                android:value="androidx.startup" />
116-->[androidx.profileinstaller:profileinstaller:1.3.1] AndroidManifest.xml:31:17-49
117        </provider>
118
119        <receiver
119-->[androidx.profileinstaller:profileinstaller:1.3.1] AndroidManifest.xml:34:9-52:20
120            android:name="androidx.profileinstaller.ProfileInstallReceiver"
120-->[androidx.profileinstaller:profileinstaller:1.3.1] AndroidManifest.xml:35:13-76
121            android:directBootAware="false"
121-->[androidx.profileinstaller:profileinstaller:1.3.1] AndroidManifest.xml:36:13-44
122            android:enabled="true"
122-->[androidx.profileinstaller:profileinstaller:1.3.1] AndroidManifest.xml:37:13-35
123            android:exported="true"
123-->[androidx.profileinstaller:profileinstaller:1.3.1] AndroidManifest.xml:38:13-36
124            android:permission="android.permission.DUMP" >
124-->[androidx.profileinstaller:profileinstaller:1.3.1] AndroidManifest.xml:39:13-57
125            <intent-filter>
125-->[androidx.profileinstaller:profileinstaller:1.3.1] AndroidManifest.xml:40:13-42:29
126                <action android:name="androidx.profileinstaller.action.INSTALL_PROFILE" />
126-->[androidx.profileinstaller:profileinstaller:1.3.1] AndroidManifest.xml:41:17-91
126-->[androidx.profileinstaller:profileinstaller:1.3.1] AndroidManifest.xml:41:25-88
127            </intent-filter>
128            <intent-filter>
128-->[androidx.profileinstaller:profileinstaller:1.3.1] AndroidManifest.xml:43:13-45:29
129                <action android:name="androidx.profileinstaller.action.SKIP_FILE" />
129-->[androidx.profileinstaller:profileinstaller:1.3.1] AndroidManifest.xml:44:17-85
129-->[androidx.profileinstaller:profileinstaller:1.3.1] AndroidManifest.xml:44:25-82
130            </intent-filter>
131            <intent-filter>
131-->[androidx.profileinstaller:profileinstaller:1.3.1] AndroidManifest.xml:46:13-48:29
132                <action android:name="androidx.profileinstaller.action.SAVE_PROFILE" />
132-->[androidx.profileinstaller:profileinstaller:1.3.1] AndroidManifest.xml:47:17-88
132-->[androidx.profileinstaller:profileinstaller:1.3.1] AndroidManifest.xml:47:25-85
133            </intent-filter>
134            <intent-filter>
134-->[androidx.profileinstaller:profileinstaller:1.3.1] AndroidManifest.xml:49:13-51:29
135                <action android:name="androidx.profileinstaller.action.BENCHMARK_OPERATION" />
135-->[androidx.profileinstaller:profileinstaller:1.3.1] AndroidManifest.xml:50:17-95
135-->[androidx.profileinstaller:profileinstaller:1.3.1] AndroidManifest.xml:50:25-92
136            </intent-filter>
137        </receiver>
138
139        <service
139-->[com.google.android.datatransport:transport-backend-cct:3.1.8] AndroidManifest.xml:28:9-34:19
140            android:name="com.google.android.datatransport.runtime.backends.TransportBackendDiscovery"
140-->[com.google.android.datatransport:transport-backend-cct:3.1.8] AndroidManifest.xml:29:13-103
141            android:exported="false" >
141-->[com.google.android.datatransport:transport-backend-cct:3.1.8] AndroidManifest.xml:30:13-37
142            <meta-data
142-->[com.google.android.datatransport:transport-backend-cct:3.1.8] AndroidManifest.xml:31:13-33:39
143                android:name="backend:com.google.android.datatransport.cct.CctBackendFactory"
143-->[com.google.android.datatransport:transport-backend-cct:3.1.8] AndroidManifest.xml:32:17-94
144                android:value="cct" />
144-->[com.google.android.datatransport:transport-backend-cct:3.1.8] AndroidManifest.xml:33:17-36
145        </service>
146        <service
146-->[com.google.android.datatransport:transport-runtime:3.1.8] AndroidManifest.xml:26:9-30:19
147            android:name="com.google.android.datatransport.runtime.scheduling.jobscheduling.JobInfoSchedulerService"
147-->[com.google.android.datatransport:transport-runtime:3.1.8] AndroidManifest.xml:27:13-117
148            android:exported="false"
148-->[com.google.android.datatransport:transport-runtime:3.1.8] AndroidManifest.xml:28:13-37
149            android:permission="android.permission.BIND_JOB_SERVICE" >
149-->[com.google.android.datatransport:transport-runtime:3.1.8] AndroidManifest.xml:29:13-69
150        </service>
151
152        <receiver
152-->[com.google.android.datatransport:transport-runtime:3.1.8] AndroidManifest.xml:32:9-34:40
153            android:name="com.google.android.datatransport.runtime.scheduling.jobscheduling.AlarmManagerSchedulerBroadcastReceiver"
153-->[com.google.android.datatransport:transport-runtime:3.1.8] AndroidManifest.xml:33:13-132
154            android:exported="false" />
154-->[com.google.android.datatransport:transport-runtime:3.1.8] AndroidManifest.xml:34:13-37
155    </application>
156
157</manifest>